<?xml version="1.0" encoding="UTF-8"?>
<!-- Generated by org.testng.reporters.JUnitXMLReporter -->
<testsuite hostname="DESKTOP-073D5BO" failures="0" tests="3" name="Regression1" time="44.887" errors="0" timestamp="12 Dec 2022 15:30:43 GMT">
  <testcase classname="com_hrms_testScripts.TC_001" name="TC_001" time="15.485"/>
  <testcase classname="com_hrms_testScripts.TC_002" name="TC_002" time="15.531"/>
  <testcase classname="com_hrms_testScripts.TC_003" name="TC_003" time="13.779"/>
</testsuite> <!-- Regression1 -->
