<?xml version="1.0" encoding="UTF-8"?>
<testng-results total="1" passed="1" failed="0" skipped="0">
  <reporter-output>
    <line>
      <![CDATA[Application opened]]>
    </line>
  </reporter-output>
  <suite started-at="2022-12-14T12:30:45Z" name="Default suite" finished-at="2022-12-14T12:31:04Z" duration-ms="19944">
    <groups>
    </groups>
    <test started-at="2022-12-14T12:30:45Z" name="Default test" finished-at="2022-12-14T12:31:04Z" duration-ms="19944">
      <class name="com_hrms_testScripts.TC_001">
        <test-method signature="tc_001()[pri:0, instance:com_hrms_testScripts.TC_001@5890e879]" started-at="2022-12-14T18:00:45Z" name="tc_001" finished-at="2022-12-14T18:01:04Z" duration-ms="19871" status="PASS">
          <reporter-output>
            <line>
              <![CDATA[Application opened]]>
            </line>
          </reporter-output>
        </test-method> <!-- tc_001 -->
      </class> <!-- com_hrms_testScripts.TC_001 -->
    </test> <!-- Default test -->
  </suite> <!-- Default suite -->
</testng-results>
